<?xml version="1.0" encoding="UTF-8"?>
<!-- Generated by org.testng.reporters.JUnitXMLReporter -->
<testsuite ignored="3" hostname="DESKTOP-93AUPV9" failures="0" tests="3" name="Test" time="0.104" errors="0" timestamp="2023-01-18T09:55:52 IST">
  <testcase classname="Practice_maven.SampleTest_1" name="simple1" time="0.016"/>
  <testcase classname="Practice_maven.SampleTest_3" name="simple5" time="0.002"/>
  <testcase classname="Practice_maven.SampleTest_2" name="simple4" time="0.005"/>
  <testcase classname="Practice_maven.SampleTest_3" name="simple6" time="0.0">
    <ignored/>
  </testcase> <!-- simple6 -->
  <testcase classname="Practice_maven.SampleTest_1" name="simple2" time="0.0">
    <ignored/>
  </testcase> <!-- simple2 -->
  <testcase classname="Practice_maven.SampleTest_2" name="simple3" time="0.0">
    <ignored/>
  </testcase> <!-- simple3 -->
</testsuite> <!-- Test -->
