<?xml version="1.0" encoding="UTF-8"?>
<testng-results ignored="0" total="1" passed="1" failed="0" skipped="0">
  <reporter-output>
  </reporter-output>
  <suite started-at="2023-01-18T11:41:09 IST" name="Default suite" finished-at="2023-01-18T11:41:09 IST" duration-ms="82">
    <groups>
    </groups>
    <test started-at="2023-01-18T11:41:09 IST" name="Default test" finished-at="2023-01-18T11:41:09 IST" duration-ms="82">
      <class name="Practice_Package_2.CreateAccountTest">
        <test-method signature="create()[pri:0, instance:Practice_Package_2.CreateAccountTest@5bd03f44]" started-at="2023-01-18T11:41:09 IST" name="create" finished-at="2023-01-18T11:41:09 IST" duration-ms="14" status="PASS">
          <reporter-output>
          </reporter-output>
        </test-method> <!-- create -->
      </class> <!-- Practice_Package_2.CreateAccountTest -->
    </test> <!-- Default test -->
  </suite> <!-- Default suite -->
</testng-results>
